c:\users\davucci\documents\visual studio 2017\projects\reader\debug\reader.pch
c:\users\davucci\documents\visual studio 2017\projects\reader\debug\vc141.pdb
c:\users\davucci\documents\visual studio 2017\projects\reader\debug\vc141.idb
c:\users\davucci\documents\visual studio 2017\projects\reader\debug\stdafx.obj
c:\users\davucci\documents\visual studio 2017\projects\reader\debug\reader.obj
c:\users\davucci\reader\reader\debug\reader.pch
c:\users\davucci\reader\reader\debug\vc141.pdb
c:\users\davucci\reader\reader\debug\vc141.idb
c:\users\davucci\reader\reader\debug\stdafx.obj
c:\users\davucci\reader\reader\debug\reader.obj
c:\users\davucci\documents\visual studio 2017\projects\reader\debug\reader.ilk
c:\users\davucci\documents\visual studio 2017\projects\reader\debug\reader.exe
c:\users\davucci\documents\visual studio 2017\projects\reader\debug\reader.pdb
c:\users\davucci\reader\reader\debug\reader.ilk
c:\users\davucci\reader\reader\debug\reader.exe
c:\users\davucci\reader\reader\debug\reader.pdb
c:\users\davucci\reader\reader\debug\lnk{d279b4da-a756-49e9-a945-934fb7d96f7d}.tmp
c:\users\davucci\reader\reader\debug\vc140.idb
c:\users\davucci\reader\reader\debug\vc140.pdb
c:\users\davucci\reader\reader\debug\reader.tlog\cl.command.1.tlog
c:\users\davucci\reader\reader\debug\reader.tlog\cl.read.1.tlog
c:\users\davucci\reader\reader\debug\reader.tlog\cl.write.1.tlog
c:\users\davucci\reader\reader\debug\reader.tlog\link.command.1.tlog
c:\users\davucci\reader\reader\debug\reader.tlog\link.delete.1.tlog
c:\users\davucci\reader\reader\debug\reader.tlog\link.read.1.tlog
c:\users\davucci\reader\reader\debug\reader.tlog\link.write.1.tlog
